<?xml version="1.0" encoding="UTF-8"?>
<testsuite hostname="Admin-PC" name="com.monkeyk.sos.infrastructure.DateUtilsTest" tests="10" failures="0" timestamp="16 Oct 2017 02:04:33 GMT" time="4.336" errors="0">
  <testcase name="convert" time="0.085" classname="com.monkeyk.sos.infrastructure.DateUtilsTest"/>
  <testcase name="testMd5" time="0.008" classname="com.monkeyk.sos.infrastructure.PasswordHandlerTest"/>
  <testcase name="findAllOauthClientDetails" time="0.009" classname="com.monkeyk.sos.infrastructure.jdbc.OauthRepositoryJdbcTest"/>
  <testcase name="findOauthClientDetails" time="0.019" classname="com.monkeyk.sos.infrastructure.jdbc.OauthRepositoryJdbcTest"/>
  <testcase name="saveOauthClientDetails" time="0.023" classname="com.monkeyk.sos.infrastructure.jdbc.OauthRepositoryJdbcTest"/>
  <testcase name="updateOauthClientDetailsArchive" time="0.044" classname="com.monkeyk.sos.infrastructure.jdbc.OauthRepositoryJdbcTest"/>
  <testcase name="findByGuid" time="0.035" classname="com.monkeyk.sos.infrastructure.jdbc.UserRepositoryJdbcTest"/>
  <testcase name="findByUsername" time="0.013" classname="com.monkeyk.sos.infrastructure.jdbc.UserRepositoryJdbcTest"/>
  <testcase name="findUsersByUsername" time="0.035" classname="com.monkeyk.sos.infrastructure.jdbc.UserRepositoryJdbcTest"/>
  <testcase name="updateUser" time="0.037" classname="com.monkeyk.sos.infrastructure.jdbc.UserRepositoryJdbcTest"/>
</testsuite>
