<?xml version="1.0" encoding="UTF-8" ?>
<testsuite tests="10" failures="0" name="TestSuite" time="4.919" errors="0" skipped="0">
  <properties>
[...]
</properties>
  <testcase name="convert" time="0.086"/>
  <testcase name="testMd5" time="0.007"/>
  <testcase name="findAllOauthClientDetails" time="0.009"/>
  <testcase name="findOauthClientDetails" time="0.019"/>
  <testcase name="saveOauthClientDetails" time="0.023"/>
  <testcase name="updateOauthClientDetailsArchive" time="0.044"/>
  <testcase name="findByGuid" time="0.035"/>
  <testcase name="findByUsername" time="0.013"/>
  <testcase name="findUsersByUsername" time="0.035"/>
  <testcase name="updateUser" time="0.037"/>
</testsuite>