<?xml version="1.0" encoding="UTF-8"?>
<testng-results skipped="0" failed="0" total="10" passed="10">
  <reporter-output>
  </reporter-output>
  <suite name="Command line suite" duration-ms="4336" started-at="2017-10-16T10:04:29Z" finished-at="2017-10-16T10:04:33Z">
    <groups>
    </groups>
    <test name="Command line test" duration-ms="4336" started-at="2017-10-16T10:04:29Z" finished-at="2017-10-16T10:04:33Z">
      <class name="com.monkeyk.sos.infrastructure.DateUtilsTest">
        <test-method status="PASS" signature="convert()" name="convert" duration-ms="85" started-at="2017-10-16T10:04:29Z" finished-at="2017-10-16T10:04:29Z">
        </test-method>
      </class>
      <class name="com.monkeyk.sos.infrastructure.jdbc.OauthRepositoryJdbcTest">
        <test-method status="PASS" signature="springTestContextBeforeTestClass()" name="springTestContextBeforeTestClass" is-config="true" duration-ms="1" started-at="2017-10-16T10:04:29Z" finished-at="2017-10-16T10:04:29Z">
        </test-method>
        <test-method status="PASS" signature="springTestContextPrepareTestInstance()" name="springTestContextPrepareTestInstance" is-config="true" duration-ms="3566" started-at="2017-10-16T10:04:29Z" depends-on-methods="org.springframework.test.context.testng.AbstractTestNGSpringContextTests.springTestContextBeforeTestClass" finished-at="2017-10-16T10:04:33Z">
        </test-method>
        <test-method status="PASS" signature="springTestContextBeforeTestMethod(java.lang.reflect.Method)" name="springTestContextBeforeTestMethod" is-config="true" duration-ms="383" started-at="2017-10-16T10:04:33Z" finished-at="2017-10-16T10:04:33Z">
          <params>
            <param index="0">
              <value>
                <![CDATA[public void com.monkeyk.sos.infrastructure.jdbc.OauthRepositoryJdbcTest.findAllOauthClientDetails()]]>
              </value>
            </param>
          </params>
        </test-method>
        <test-method status="PASS" signature="findAllOauthClientDetails()" name="findAllOauthClientDetails" duration-ms="9" started-at="2017-10-16T10:04:33Z" finished-at="2017-10-16T10:04:33Z">
        </test-method>
        <test-method status="PASS" signature="springTestContextAfterTestMethod(java.lang.reflect.Method)" name="springTestContextAfterTestMethod" is-config="true" duration-ms="5" started-at="2017-10-16T10:04:33Z" finished-at="2017-10-16T10:04:33Z">
          <params>
            <param index="0">
              <value>
                <![CDATA[public void com.monkeyk.sos.infrastructure.jdbc.OauthRepositoryJdbcTest.findAllOauthClientDetails()]]>
              </value>
            </param>
          </params>
        </test-method>
        <test-method status="PASS" signature="springTestContextBeforeTestMethod(java.lang.reflect.Method)" name="springTestContextBeforeTestMethod" is-config="true" duration-ms="4" started-at="2017-10-16T10:04:33Z" finished-at="2017-10-16T10:04:33Z">
          <params>
            <param index="0">
              <value>
                <![CDATA[public void com.monkeyk.sos.infrastructure.jdbc.OauthRepositoryJdbcTest.findOauthClientDetails()]]>
              </value>
            </param>
          </params>
        </test-method>
        <test-method status="PASS" signature="findOauthClientDetails()" name="findOauthClientDetails" duration-ms="19" started-at="2017-10-16T10:04:33Z" finished-at="2017-10-16T10:04:33Z">
        </test-method>
        <test-method status="PASS" signature="springTestContextAfterTestMethod(java.lang.reflect.Method)" name="springTestContextAfterTestMethod" is-config="true" duration-ms="4" started-at="2017-10-16T10:04:33Z" finished-at="2017-10-16T10:04:33Z">
          <params>
            <param index="0">
              <value>
                <![CDATA[public void com.monkeyk.sos.infrastructure.jdbc.OauthRepositoryJdbcTest.findOauthClientDetails()]]>
              </value>
            </param>
          </params>
        </test-method>
        <test-method status="PASS" signature="springTestContextBeforeTestMethod(java.lang.reflect.Method)" name="springTestContextBeforeTestMethod" is-config="true" duration-ms="4" started-at="2017-10-16T10:04:33Z" finished-at="2017-10-16T10:04:33Z">
          <params>
            <param index="0">
              <value>
                <![CDATA[public void com.monkeyk.sos.infrastructure.jdbc.OauthRepositoryJdbcTest.saveOauthClientDetails()]]>
              </value>
            </param>
          </params>
        </test-method>
        <test-method status="PASS" signature="saveOauthClientDetails()" name="saveOauthClientDetails" duration-ms="23" started-at="2017-10-16T10:04:33Z" finished-at="2017-10-16T10:04:33Z">
        </test-method>
        <test-method status="PASS" signature="springTestContextAfterTestMethod(java.lang.reflect.Method)" name="springTestContextAfterTestMethod" is-config="true" duration-ms="3" started-at="2017-10-16T10:04:33Z" finished-at="2017-10-16T10:04:33Z">
          <params>
            <param index="0">
              <value>
                <![CDATA[public void com.monkeyk.sos.infrastructure.jdbc.OauthRepositoryJdbcTest.saveOauthClientDetails()]]>
              </value>
            </param>
          </params>
        </test-method>
        <test-method status="PASS" signature="springTestContextBeforeTestMethod(java.lang.reflect.Method)" name="springTestContextBeforeTestMethod" is-config="true" duration-ms="4" started-at="2017-10-16T10:04:33Z" finished-at="2017-10-16T10:04:33Z">
          <params>
            <param index="0">
              <value>
                <![CDATA[public void com.monkeyk.sos.infrastructure.jdbc.OauthRepositoryJdbcTest.updateOauthClientDetailsArchive()]]>
              </value>
            </param>
          </params>
        </test-method>
        <test-method status="PASS" signature="updateOauthClientDetailsArchive()" name="updateOauthClientDetailsArchive" duration-ms="44" started-at="2017-10-16T10:04:33Z" finished-at="2017-10-16T10:04:33Z">
        </test-method>
        <test-method status="PASS" signature="springTestContextAfterTestMethod(java.lang.reflect.Method)" name="springTestContextAfterTestMethod" is-config="true" duration-ms="3" started-at="2017-10-16T10:04:33Z" finished-at="2017-10-16T10:04:33Z">
          <params>
            <param index="0">
              <value>
                <![CDATA[public void com.monkeyk.sos.infrastructure.jdbc.OauthRepositoryJdbcTest.updateOauthClientDetailsArchive()]]>
              </value>
            </param>
          </params>
        </test-method>
        <test-method status="PASS" signature="springTestContextAfterTestClass()" name="springTestContextAfterTestClass" is-config="true" duration-ms="0" started-at="2017-10-16T10:04:33Z" finished-at="2017-10-16T10:04:33Z">
        </test-method>
      </class>
      <class name="com.monkeyk.sos.infrastructure.jdbc.UserRepositoryJdbcTest">
        <test-method status="PASS" signature="springTestContextBeforeTestClass()" name="springTestContextBeforeTestClass" is-config="true" duration-ms="1" started-at="2017-10-16T10:04:33Z" finished-at="2017-10-16T10:04:33Z">
        </test-method>
        <test-method status="PASS" signature="springTestContextPrepareTestInstance()" name="springTestContextPrepareTestInstance" is-config="true" duration-ms="6" started-at="2017-10-16T10:04:33Z" depends-on-methods="org.springframework.test.context.testng.AbstractTestNGSpringContextTests.springTestContextBeforeTestClass" finished-at="2017-10-16T10:04:33Z">
        </test-method>
        <test-method status="PASS" signature="springTestContextBeforeTestMethod(java.lang.reflect.Method)" name="springTestContextBeforeTestMethod" is-config="true" duration-ms="4" started-at="2017-10-16T10:04:33Z" finished-at="2017-10-16T10:04:33Z">
          <params>
            <param index="0">
              <value>
                <![CDATA[public void com.monkeyk.sos.infrastructure.jdbc.UserRepositoryJdbcTest.findByGuid()]]>
              </value>
            </param>
          </params>
        </test-method>
        <test-method status="PASS" signature="findByGuid()" name="findByGuid" duration-ms="35" started-at="2017-10-16T10:04:33Z" finished-at="2017-10-16T10:04:33Z">
        </test-method>
        <test-method status="PASS" signature="springTestContextAfterTestMethod(java.lang.reflect.Method)" name="springTestContextAfterTestMethod" is-config="true" duration-ms="3" started-at="2017-10-16T10:04:33Z" finished-at="2017-10-16T10:04:33Z">
          <params>
            <param index="0">
              <value>
                <![CDATA[public void com.monkeyk.sos.infrastructure.jdbc.UserRepositoryJdbcTest.findByGuid()]]>
              </value>
            </param>
          </params>
        </test-method>
        <test-method status="PASS" signature="springTestContextBeforeTestMethod(java.lang.reflect.Method)" name="springTestContextBeforeTestMethod" is-config="true" duration-ms="4" started-at="2017-10-16T10:04:33Z" finished-at="2017-10-16T10:04:33Z">
          <params>
            <param index="0">
              <value>
                <![CDATA[public void com.monkeyk.sos.infrastructure.jdbc.UserRepositoryJdbcTest.findByUsername()]]>
              </value>
            </param>
          </params>
        </test-method>
        <test-method status="PASS" signature="findByUsername()" name="findByUsername" duration-ms="13" started-at="2017-10-16T10:04:33Z" finished-at="2017-10-16T10:04:33Z">
        </test-method>
        <test-method status="PASS" signature="springTestContextAfterTestMethod(java.lang.reflect.Method)" name="springTestContextAfterTestMethod" is-config="true" duration-ms="3" started-at="2017-10-16T10:04:33Z" finished-at="2017-10-16T10:04:33Z">
          <params>
            <param index="0">
              <value>
                <![CDATA[public void com.monkeyk.sos.infrastructure.jdbc.UserRepositoryJdbcTest.findByUsername()]]>
              </value>
            </param>
          </params>
        </test-method>
        <test-method status="PASS" signature="springTestContextBeforeTestMethod(java.lang.reflect.Method)" name="springTestContextBeforeTestMethod" is-config="true" duration-ms="3" started-at="2017-10-16T10:04:33Z" finished-at="2017-10-16T10:04:33Z">
          <params>
            <param index="0">
              <value>
                <![CDATA[public void com.monkeyk.sos.infrastructure.jdbc.UserRepositoryJdbcTest.findUsersByUsername()]]>
              </value>
            </param>
          </params>
        </test-method>
        <test-method status="PASS" signature="findUsersByUsername()" name="findUsersByUsername" duration-ms="35" started-at="2017-10-16T10:04:33Z" finished-at="2017-10-16T10:04:33Z">
        </test-method>
        <test-method status="PASS" signature="springTestContextAfterTestMethod(java.lang.reflect.Method)" name="springTestContextAfterTestMethod" is-config="true" duration-ms="4" started-at="2017-10-16T10:04:33Z" finished-at="2017-10-16T10:04:33Z">
          <params>
            <param index="0">
              <value>
                <![CDATA[public void com.monkeyk.sos.infrastructure.jdbc.UserRepositoryJdbcTest.findUsersByUsername()]]>
              </value>
            </param>
          </params>
        </test-method>
        <test-method status="PASS" signature="springTestContextBeforeTestMethod(java.lang.reflect.Method)" name="springTestContextBeforeTestMethod" is-config="true" duration-ms="4" started-at="2017-10-16T10:04:33Z" finished-at="2017-10-16T10:04:33Z">
          <params>
            <param index="0">
              <value>
                <![CDATA[public void com.monkeyk.sos.infrastructure.jdbc.UserRepositoryJdbcTest.updateUser()]]>
              </value>
            </param>
          </params>
        </test-method>
        <test-method status="PASS" signature="updateUser()" name="updateUser" duration-ms="37" started-at="2017-10-16T10:04:33Z" finished-at="2017-10-16T10:04:33Z">
        </test-method>
        <test-method status="PASS" signature="springTestContextAfterTestMethod(java.lang.reflect.Method)" name="springTestContextAfterTestMethod" is-config="true" duration-ms="4" started-at="2017-10-16T10:04:33Z" finished-at="2017-10-16T10:04:33Z">
          <params>
            <param index="0">
              <value>
                <![CDATA[public void com.monkeyk.sos.infrastructure.jdbc.UserRepositoryJdbcTest.updateUser()]]>
              </value>
            </param>
          </params>
        </test-method>
        <test-method status="PASS" signature="springTestContextAfterTestClass()" name="springTestContextAfterTestClass" is-config="true" duration-ms="0" started-at="2017-10-16T10:04:33Z" finished-at="2017-10-16T10:04:33Z">
        </test-method>
      </class>
      <class name="com.monkeyk.sos.infrastructure.PasswordHandlerTest">
        <test-method status="PASS" signature="testMd5()" name="testMd5" duration-ms="8" started-at="2017-10-16T10:04:29Z" finished-at="2017-10-16T10:04:29Z">
        </test-method>
      </class>
    </test>
  </suite>
</testng-results>
